<?xml version="1.0" encoding="UTF-8"?>
<robot generator="Robot 4.0.3 (Python 3.8.2 on win32)" generated="20210615 21:55:04.518" rpa="false" schemaversion="2">
<suite id="s1" name="Exercicios" source="C:\Prime Expert\tests\exercicios.robot">
<test id="s1-t1" name="Cenario: Imprimir o Dicionário">
<kw name="Log To Console" library="BuiltIn">
<arg>${PESSOA.nome}</arg>
<doc>Logs the given message to the console.</doc>
<status status="PASS" starttime="20210615 21:55:04.772" endtime="20210615 21:55:04.786"/>
</kw>
<kw name="Log To Console" library="BuiltIn">
<arg>${PESSOA.idade}</arg>
<doc>Logs the given message to the console.</doc>
<status status="PASS" starttime="20210615 21:55:04.788" endtime="20210615 21:55:04.798"/>
</kw>
<status status="PASS" starttime="20210615 21:55:04.768" endtime="20210615 21:55:04.801"/>
</test>
<test id="s1-t2" name="Cenario: Realizar Somar">
<kw name="Somar dois numeros">
<arg>10</arg>
<arg>30</arg>
<kw name="Evaluate" library="BuiltIn">
<var>${SOMA}</var>
<arg>${NUM_A}+${NUM_B}</arg>
<doc>Evaluates the given expression in Python and returns the result.</doc>
<msg timestamp="20210615 21:55:04.824" level="INFO">${SOMA} = 40</msg>
<status status="PASS" starttime="20210615 21:55:04.821" endtime="20210615 21:55:04.826"/>
</kw>
<kw name="Log To Console" library="BuiltIn">
<arg>${SOMA}</arg>
<doc>Logs the given message to the console.</doc>
<status status="PASS" starttime="20210615 21:55:04.827" endtime="20210615 21:55:04.837"/>
</kw>
<status status="PASS" starttime="20210615 21:55:04.816" endtime="20210615 21:55:04.845"/>
</kw>
<tag>SOMA</tag>
<status status="PASS" starttime="20210615 21:55:04.812" endtime="20210615 21:55:04.856"/>
</test>
<test id="s1-t3" name="Cenario: Meu teste soma">
<kw name="Somar dois numeros &quot;55&quot; e &quot;44&quot;" sourcename="Somar dois numeros &quot;${NUM_A}&quot; e &quot;${NUM_B}&quot;">
<var>${RESULTADO}</var>
<kw name="Evaluate" library="BuiltIn">
<var>${SOMA}</var>
<arg>${NUM_A}+${NUM_B}</arg>
<doc>Evaluates the given expression in Python and returns the result.</doc>
<msg timestamp="20210615 21:55:04.883" level="INFO">${SOMA} = 99</msg>
<status status="PASS" starttime="20210615 21:55:04.879" endtime="20210615 21:55:04.884"/>
</kw>
<msg timestamp="20210615 21:55:04.885" level="INFO">${RESULTADO} = 99</msg>
<status status="PASS" starttime="20210615 21:55:04.871" endtime="20210615 21:55:04.885"/>
</kw>
<kw name="Log To Console" library="BuiltIn">
<arg>${RESULTADO}</arg>
<doc>Logs the given message to the console.</doc>
<status status="PASS" starttime="20210615 21:55:04.888" endtime="20210615 21:55:04.896"/>
</kw>
<tag>SOMA_2</tag>
<status status="PASS" starttime="20210615 21:55:04.865" endtime="20210615 21:55:04.897"/>
</test>
<doc>Aqui está todos os exercicios do Prime Expert
para comentario de mais de uma linha.
Imersão Robot</doc>
<status status="PASS" starttime="20210615 21:55:04.529" endtime="20210615 21:55:04.909"/>
</suite>
<statistics>
<total>
<stat pass="3" fail="0" skip="0">All Tests</stat>
</total>
<tag>
<stat pass="1" fail="0" skip="0">SOMA</stat>
<stat pass="1" fail="0" skip="0">SOMA_2</stat>
</tag>
<suite>
<stat pass="3" fail="0" skip="0" id="s1" name="Exercicios">Exercicios</stat>
</suite>
</statistics>
<errors>
</errors>
</robot>
